
> @dwk/anglesite@0.1.0 prestart
> npm run build


> @dwk/anglesite@0.1.0 build
> npm run build:app


> @dwk/anglesite@0.1.0 build:app
> node bin/build-app.js

Building TypeScript application...
Copying HTML files...
Copying CSS files...
Copying UI HTML files...
Copying UI templates...
Injecting static icons into templates...
✅ Static icons injected successfully
Syncing Eleventy files...
App build complete!

> @dwk/anglesite@0.1.0 start
> electron .

Existing websites: [ 'webc' ]
Hosts file is already clean, no changes needed
💡 Touch ID detected but not configured for sudo.
   To enable Touch ID for administrator access:
   1. Open Terminal
   2. Run: sudo cp /etc/pam.d/sudo_local.template /etc/pam.d/sudo_local
   3. Edit: sudo nano /etc/pam.d/sudo_local
   4. Uncomment: auth sufficient pam_tid.so
   5. Save and restart Terminal
   This will enable Touch ID for all sudo operations.
[11ty] Writing ./docs/_site/index.html from ./docs/index.md (liquid)
[11ty] Writing ./docs/_site/requirements/index.html from ./docs/requirements.md (liquid)
[11ty] Writing ./docs/_site/architecture/index.html from ./docs/architecture.md (liquid)
[11ty] Writing ./docs/_site/plan/index.html from ./docs/plan.md (liquid)
[11ty] Wrote 4 files in 0.16 seconds (v3.1.2)
Server at http://localhost:8081/
Adding anglesite.test to existing Anglesite section…
anglesite.test already exists in hosts file
✅ DNS resolution for anglesite.test configured automatically
Creating HTTPS proxy for anglesite.test on port 8080 -> 8081
[11ty] Writing /Users/dwk/Library/Application Support/Anglesite/websites/webc/_build/404.html from ../../../../../Library/Application Support/Anglesite/websites/webc/404.md (liquid)
[11ty] Writing /Users/dwk/Library/Application Support/Anglesite/websites/webc/_build/index.html from ../../../../../Library/Application Support/Anglesite/websites/webc/index.md (liquid)
[11ty] Wrote 2 files in 0.09 seconds (v3.1.2)
[webc] Server at http://localhost:8082/
✅ HTTPS proxy server running at https://anglesite.test:8080/
   Forwarding to HTTP server at http://localhost:8081/
[webc] File changed: /Users/dwk/Library/Application Support/Anglesite/websites/webc/_build/index.html (skips build)
[webc] File changed: /Users/dwk/Library/Application Support/Anglesite/websites/webc/_build/404.html (skips build)
[11ty] Writing /Users/dwk/Library/Application Support/Anglesite/websites/webc/_build/404.html from ../../../../../Library/Application Support/Anglesite/websites/webc/404.md (liquid)
[11ty] Writing /Users/dwk/Library/Application Support/Anglesite/websites/webc/_build/index.html from ../../../../../Library/Application Support/Anglesite/websites/webc/index.md (liquid)
[11ty] Wrote 4 files in 0.77 seconds (v3.1.2)
[11ty] Writing /Users/dwk/Library/Application Support/Anglesite/websites/webc/_build/404.html from ../../../../../Library/Application Support/Anglesite/websites/webc/404.md (liquid)
[11ty] Writing /Users/dwk/Library/Application Support/Anglesite/websites/webc/_build/index.html from ../../../../../Library/Application Support/Anglesite/websites/webc/index.md (liquid)
[11ty] Wrote 6 files in 0.77 seconds (v3.1.2)
[webc] File changed: /Users/dwk/Library/Application Support/Anglesite/websites/webc/_build/404.html (skips build)
[webc] File changed: /Users/dwk/Library/Application Support/Anglesite/websites/webc/_build/index.html (skips build)
[11ty] Writing /Users/dwk/Library/Application Support/Anglesite/websites/webc/_build/404.html from ../../../../../Library/Application Support/Anglesite/websites/webc/404.md (liquid)
[11ty] Writing /Users/dwk/Library/Application Support/Anglesite/websites/webc/_build/index.html from ../../../../../Library/Application Support/Anglesite/websites/webc/index.md (liquid)
[11ty] Wrote 8 files in 0.96 seconds (v3.1.2)
[11ty] Writing /Users/dwk/Library/Application Support/Anglesite/websites/webc/_build/404.html from ../../../../../Library/Application Support/Anglesite/websites/webc/404.md (liquid)
[11ty] Writing /Users/dwk/Library/Application Support/Anglesite/websites/webc/_build/index.html from ../../../../../Library/Application Support/Anglesite/websites/webc/index.md (liquid)
[11ty] Wrote 10 files in 0.97 seconds (v3.1.2)
Built URL map for 6 files in /Users/dwk/Library/Application Support/Anglesite/websites/webc
[webc] File changed: /Users/dwk/Library/Application Support/Anglesite/websites/webc/_build/404.html (skips build)
[webc] File changed: /Users/dwk/Library/Application Support/Anglesite/websites/webc/_build/index.html (skips build)
[11ty] Writing /Users/dwk/Library/Application Support/Anglesite/websites/webc/_build/404.html from ../../../../../Library/Application Support/Anglesite/websites/webc/404.md (liquid)
[11ty] Writing /Users/dwk/Library/Application Support/Anglesite/websites/webc/_build/index.html from ../../../../../Library/Application Support/Anglesite/websites/webc/index.md (liquid)
[11ty] Wrote 12 files in 1.14 seconds (95.2ms each, v3.1.2)
[11ty] Writing /Users/dwk/Library/Application Support/Anglesite/websites/webc/_build/404.html from ../../../../../Library/Application Support/Anglesite/websites/webc/404.md (liquid)
[11ty] Writing /Users/dwk/Library/Application Support/Anglesite/websites/webc/_build/index.html from ../../../../../Library/Application Support/Anglesite/websites/webc/index.md (liquid)
[11ty] Wrote 14 files in 1.14 seconds (81.8ms each, v3.1.2)
[webc] File changed: /Users/dwk/Library/Application Support/Anglesite/websites/webc/_build/index.html (skips build)
[webc] File changed: /Users/dwk/Library/Application Support/Anglesite/websites/webc/_build/404.html (skips build)
[11ty] Writing /Users/dwk/Library/Application Support/Anglesite/websites/webc/_build/404.html from ../../../../../Library/Application Support/Anglesite/websites/webc/404.md (liquid)
[11ty] Writing /Users/dwk/Library/Application Support/Anglesite/websites/webc/_build/index.html from ../../../../../Library/Application Support/Anglesite/websites/webc/index.md (liquid)
[11ty] Wrote 16 files in 1.33 seconds (83.4ms each, v3.1.2)
[11ty] Writing /Users/dwk/Library/Application Support/Anglesite/websites/webc/_build/404.html from ../../../../../Library/Application Support/Anglesite/websites/webc/404.md (liquid)
[11ty] Writing /Users/dwk/Library/Application Support/Anglesite/websites/webc/_build/index.html from ../../../../../Library/Application Support/Anglesite/websites/webc/index.md (liquid)
[11ty] Wrote 18 files in 1.34 seconds (74.4ms each, v3.1.2)
[webc] File changed: /Users/dwk/Library/Application Support/Anglesite/websites/webc/_build/index.html (skips build)
[webc] File changed: /Users/dwk/Library/Application Support/Anglesite/websites/webc/_build/404.html (skips build)
[11ty] Writing /Users/dwk/Library/Application Support/Anglesite/websites/webc/_build/404.html from ../../../../../Library/Application Support/Anglesite/websites/webc/404.md (liquid)
[11ty] Writing /Users/dwk/Library/Application Support/Anglesite/websites/webc/_build/index.html from ../../../../../Library/Application Support/Anglesite/websites/webc/index.md (liquid)
[11ty] Wrote 20 files in 1.52 seconds (75.9ms each, v3.1.2)
[11ty] Writing /Users/dwk/Library/Application Support/Anglesite/websites/webc/_build/404.html from ../../../../../Library/Application Support/Anglesite/websites/webc/404.md (liquid)
[11ty] Writing /Users/dwk/Library/Application Support/Anglesite/websites/webc/_build/index.html from ../../../../../Library/Application Support/Anglesite/websites/webc/index.md (liquid)
[11ty] Wrote 22 files in 1.52 seconds (69.1ms each, v3.1.2)
[webc] File changed: /Users/dwk/Library/Application Support/Anglesite/websites/webc/_build/index.html (skips build)
[webc] File changed: /Users/dwk/Library/Application Support/Anglesite/websites/webc/_build/404.html (skips build)
[11ty] Writing /Users/dwk/Library/Application Support/Anglesite/websites/webc/_build/404.html from ../../../../../Library/Application Support/Anglesite/websites/webc/404.md (liquid)
[11ty] Writing /Users/dwk/Library/Application Support/Anglesite/websites/webc/_build/index.html from ../../../../../Library/Application Support/Anglesite/websites/webc/index.md (liquid)
[11ty] Wrote 24 files in 1.71 seconds (71.3ms each, v3.1.2)
[11ty] Writing /Users/dwk/Library/Application Support/Anglesite/websites/webc/_build/404.html from ../../../../../Library/Application Support/Anglesite/websites/webc/404.md (liquid)
[11ty] Writing /Users/dwk/Library/Application Support/Anglesite/websites/webc/_build/index.html from ../../../../../Library/Application Support/Anglesite/websites/webc/index.md (liquid)
[11ty] Wrote 26 files in 1.71 seconds (65.9ms each, v3.1.2)
[webc] File changed: /Users/dwk/Library/Application Support/Anglesite/websites/webc/_build/index.html (skips build)
[webc] File changed: /Users/dwk/Library/Application Support/Anglesite/websites/webc/_build/404.html (skips build)
[11ty] Writing /Users/dwk/Library/Application Support/Anglesite/websites/webc/_build/404.html from ../../../../../Library/Application Support/Anglesite/websites/webc/404.md (liquid)
[11ty] Writing /Users/dwk/Library/Application Support/Anglesite/websites/webc/_build/index.html from ../../../../../Library/Application Support/Anglesite/websites/webc/index.md (liquid)
[11ty] Wrote 28 files in 1.89 seconds (67.5ms each, v3.1.2)
[11ty] Writing /Users/dwk/Library/Application Support/Anglesite/websites/webc/_build/404.html from ../../../../../Library/Application Support/Anglesite/websites/webc/404.md (liquid)
[11ty] Writing /Users/dwk/Library/Application Support/Anglesite/websites/webc/_build/index.html from ../../../../../Library/Application Support/Anglesite/websites/webc/index.md (liquid)
[11ty] Wrote 30 files in 1.89 seconds (63.2ms each, v3.1.2)
[webc] File changed: /Users/dwk/Library/Application Support/Anglesite/websites/webc/_build/404.html (skips build)
[webc] File changed: /Users/dwk/Library/Application Support/Anglesite/websites/webc/_build/index.html (skips build)
[11ty] Writing /Users/dwk/Library/Application Support/Anglesite/websites/webc/_build/404.html from ../../../../../Library/Application Support/Anglesite/websites/webc/404.md (liquid)
[11ty] Writing /Users/dwk/Library/Application Support/Anglesite/websites/webc/_build/index.html from ../../../../../Library/Application Support/Anglesite/websites/webc/index.md (liquid)
[11ty] Wrote 32 files in 2.07 seconds (64.7ms each, v3.1.2)
[11ty] Writing /Users/dwk/Library/Application Support/Anglesite/websites/webc/_build/404.html from ../../../../../Library/Application Support/Anglesite/websites/webc/404.md (liquid)
[11ty] Writing /Users/dwk/Library/Application Support/Anglesite/websites/webc/_build/index.html from ../../../../../Library/Application Support/Anglesite/websites/webc/index.md (liquid)
[11ty] Wrote 34 files in 2.07 seconds (61.0ms each, v3.1.2)
[webc] File changed: /Users/dwk/Library/Application Support/Anglesite/websites/webc/_build/404.html (skips build)
[webc] File changed: /Users/dwk/Library/Application Support/Anglesite/websites/webc/_build/index.html (skips build)
[11ty] Writing /Users/dwk/Library/Application Support/Anglesite/websites/webc/_build/404.html from ../../../../../Library/Application Support/Anglesite/websites/webc/404.md (liquid)
[11ty] Writing /Users/dwk/Library/Application Support/Anglesite/websites/webc/_build/index.html from ../../../../../Library/Application Support/Anglesite/websites/webc/index.md (liquid)
[11ty] Wrote 36 files in 2.25 seconds (62.5ms each, v3.1.2)
[11ty] Writing /Users/dwk/Library/Application Support/Anglesite/websites/webc/_build/404.html from ../../../../../Library/Application Support/Anglesite/websites/webc/404.md (liquid)
[11ty] Writing /Users/dwk/Library/Application Support/Anglesite/websites/webc/_build/index.html from ../../../../../Library/Application Support/Anglesite/websites/webc/index.md (liquid)
[11ty] Wrote 38 files in 2.25 seconds (59.3ms each, v3.1.2)
[webc] File changed: /Users/dwk/Library/Application Support/Anglesite/websites/webc/_build/index.html (skips build)
[webc] File changed: /Users/dwk/Library/Application Support/Anglesite/websites/webc/_build/404.html (skips build)
[11ty] Writing /Users/dwk/Library/Application Support/Anglesite/websites/webc/_build/404.html from ../../../../../Library/Application Support/Anglesite/websites/webc/404.md (liquid)
[11ty] Writing /Users/dwk/Library/Application Support/Anglesite/websites/webc/_build/index.html from ../../../../../Library/Application Support/Anglesite/websites/webc/index.md (liquid)
[11ty] Wrote 40 files in 2.43 seconds (60.8ms each, v3.1.2)
[11ty] Writing /Users/dwk/Library/Application Support/Anglesite/websites/webc/_build/404.html from ../../../../../Library/Application Support/Anglesite/websites/webc/404.md (liquid)
[11ty] Writing /Users/dwk/Library/Application Support/Anglesite/websites/webc/_build/index.html from ../../../../../Library/Application Support/Anglesite/websites/webc/index.md (liquid)
[11ty] Wrote 42 files in 2.44 seconds (58.0ms each, v3.1.2)
[webc] File changed: /Users/dwk/Library/Application Support/Anglesite/websites/webc/_build/index.html (skips build)
[webc] File changed: /Users/dwk/Library/Application Support/Anglesite/websites/webc/_build/404.html (skips build)
[11ty] Writing /Users/dwk/Library/Application Support/Anglesite/websites/webc/_build/404.html from ../../../../../Library/Application Support/Anglesite/websites/webc/404.md (liquid)
[11ty] Writing /Users/dwk/Library/Application Support/Anglesite/websites/webc/_build/index.html from ../../../../../Library/Application Support/Anglesite/websites/webc/index.md (liquid)
[11ty] Wrote 44 files in 2.61 seconds (59.4ms each, v3.1.2)
[11ty] Writing /Users/dwk/Library/Application Support/Anglesite/websites/webc/_build/404.html from ../../../../../Library/Application Support/Anglesite/websites/webc/404.md (liquid)
[11ty] Writing /Users/dwk/Library/Application Support/Anglesite/websites/webc/_build/index.html from ../../../../../Library/Application Support/Anglesite/websites/webc/index.md (liquid)
[11ty] Wrote 46 files in 2.62 seconds (56.9ms each, v3.1.2)
[webc] File changed: /Users/dwk/Library/Application Support/Anglesite/websites/webc/_build/index.html (skips build)
[webc] File changed: /Users/dwk/Library/Application Support/Anglesite/websites/webc/_build/404.html (skips build)
[11ty] Writing /Users/dwk/Library/Application Support/Anglesite/websites/webc/_build/404.html from ../../../../../Library/Application Support/Anglesite/websites/webc/404.md (liquid)
[11ty] Writing /Users/dwk/Library/Application Support/Anglesite/websites/webc/_build/index.html from ../../../../../Library/Application Support/Anglesite/websites/webc/index.md (liquid)
[11ty] Wrote 48 files in 2.90 seconds (60.4ms each, v3.1.2)
[11ty] Writing /Users/dwk/Library/Application Support/Anglesite/websites/webc/_build/404.html from ../../../../../Library/Application Support/Anglesite/websites/webc/404.md (liquid)
[11ty] Writing /Users/dwk/Library/Application Support/Anglesite/websites/webc/_build/index.html from ../../../../../Library/Application Support/Anglesite/websites/webc/index.md (liquid)
[11ty] Wrote 50 files in 2.90 seconds (58.1ms each, v3.1.2)
[webc] File changed: /Users/dwk/Library/Application Support/Anglesite/websites/webc/_build/404.html (skips build)
[11ty] Writing /Users/dwk/Library/Application Support/Anglesite/websites/webc/_build/404.html from ../../../../../Library/Application Support/Anglesite/websites/webc/404.md (liquid)
[11ty] Writing /Users/dwk/Library/Application Support/Anglesite/websites/webc/_build/index.html from ../../../../../Library/Application Support/Anglesite/websites/webc/index.md (liquid)
[11ty] Wrote 52 files in 3.07 seconds (59.1ms each, v3.1.2)
[webc] File changed: /Users/dwk/Library/Application Support/Anglesite/websites/webc/_build/index.html (skips build)
[11ty] Writing /Users/dwk/Library/Application Support/Anglesite/websites/webc/_build/404.html from ../../../../../Library/Application Support/Anglesite/websites/webc/404.md (liquid)
[11ty] Writing /Users/dwk/Library/Application Support/Anglesite/websites/webc/_build/index.html from ../../../../../Library/Application Support/Anglesite/websites/webc/index.md (liquid)
[11ty] Wrote 54 files in 3.27 seconds (60.6ms each, v3.1.2)
[webc] File changed: /Users/dwk/Library/Application Support/Anglesite/websites/webc/_build/404.html (skips build)
[11ty] Writing /Users/dwk/Library/Application Support/Anglesite/websites/webc/_build/404.html from ../../../../../Library/Application Support/Anglesite/websites/webc/404.md (liquid)
[11ty] Writing /Users/dwk/Library/Application Support/Anglesite/websites/webc/_build/index.html from ../../../../../Library/Application Support/Anglesite/websites/webc/index.md (liquid)
[11ty] Wrote 56 files in 3.27 seconds (58.5ms each, v3.1.2)
[webc] File changed: /Users/dwk/Library/Application Support/Anglesite/websites/webc/_build/index.html (skips build)
[webc] File changed: /Users/dwk/Library/Application Support/Anglesite/websites/webc/_build/404.html (skips build)
[11ty] Writing /Users/dwk/Library/Application Support/Anglesite/websites/webc/_build/404.html from ../../../../../Library/Application Support/Anglesite/websites/webc/404.md (liquid)
[11ty] Writing /Users/dwk/Library/Application Support/Anglesite/websites/webc/_build/404.html from ../../../../../Library/Application Support/Anglesite/websites/webc/404.md (liquid)
[11ty] Writing /Users/dwk/Library/Application Support/Anglesite/websites/webc/_build/index.html from ../../../../../Library/Application Support/Anglesite/websites/webc/index.md (liquid)
[11ty] Writing /Users/dwk/Library/Application Support/Anglesite/websites/webc/_build/index.html from ../../../../../Library/Application Support/Anglesite/websites/webc/index.md (liquid)
[11ty] Wrote 64 files in 3.45 seconds (54.0ms each, v3.1.2)
[webc] File changed: /Users/dwk/Library/Application Support/Anglesite/websites/webc/_build/404.html (skips build)
[webc] File changed: /Users/dwk/Library/Application Support/Anglesite/websites/webc/_build/index.html (skips build)
[11ty] Writing /Users/dwk/Library/Application Support/Anglesite/websites/webc/_build/404.html from ../../../../../Library/Application Support/Anglesite/websites/webc/404.md (liquid)
[11ty] Writing /Users/dwk/Library/Application Support/Anglesite/websites/webc/_build/404.html from ../../../../../Library/Application Support/Anglesite/websites/webc/404.md (liquid)
[11ty] Writing /Users/dwk/Library/Application Support/Anglesite/websites/webc/_build/index.html from ../../../../../Library/Application Support/Anglesite/websites/webc/index.md (liquid)
[11ty] Writing /Users/dwk/Library/Application Support/Anglesite/websites/webc/_build/index.html from ../../../../../Library/Application Support/Anglesite/websites/webc/index.md (liquid)
[11ty] Wrote 72 files in 3.73 seconds (51.9ms each, v3.1.2)
[webc] File changed: /Users/dwk/Library/Application Support/Anglesite/websites/webc/_build/404.html (skips build)
[webc] File changed: /Users/dwk/Library/Application Support/Anglesite/websites/webc/_build/index.html (skips build)
[11ty] Writing /Users/dwk/Library/Application Support/Anglesite/websites/webc/_build/404.html from ../../../../../Library/Application Support/Anglesite/websites/webc/404.md (liquid)
[11ty] Writing /Users/dwk/Library/Application Support/Anglesite/websites/webc/_build/404.html from ../../../../../Library/Application Support/Anglesite/websites/webc/404.md (liquid)
[11ty] Writing /Users/dwk/Library/Application Support/Anglesite/websites/webc/_build/index.html from ../../../../../Library/Application Support/Anglesite/websites/webc/index.md (liquid)
[11ty] Writing /Users/dwk/Library/Application Support/Anglesite/websites/webc/_build/index.html from ../../../../../Library/Application Support/Anglesite/websites/webc/index.md (liquid)
[11ty] Wrote 80 files in 3.91 seconds (48.9ms each, v3.1.2)
[webc] File changed: /Users/dwk/Library/Application Support/Anglesite/websites/webc/_build/index.html (skips build)
[webc] File changed: /Users/dwk/Library/Application Support/Anglesite/websites/webc/_build/404.html (skips build)
[11ty] Writing /Users/dwk/Library/Application Support/Anglesite/websites/webc/_build/404.html from ../../../../../Library/Application Support/Anglesite/websites/webc/404.md (liquid)
[11ty] Writing /Users/dwk/Library/Application Support/Anglesite/websites/webc/_build/index.html from ../../../../../Library/Application Support/Anglesite/websites/webc/index.md (liquid)
[11ty] Wrote 82 files in 4.09 seconds (49.8ms each, v3.1.2)
[11ty] Writing /Users/dwk/Library/Application Support/Anglesite/websites/webc/_build/404.html from ../../../../../Library/Application Support/Anglesite/websites/webc/404.md (liquid)
[11ty] Writing /Users/dwk/Library/Application Support/Anglesite/websites/webc/_build/index.html from ../../../../../Library/Application Support/Anglesite/websites/webc/index.md (liquid)
[11ty] Wrote 84 files in 4.09 seconds (48.7ms each, v3.1.2)
[webc] File changed: /Users/dwk/Library/Application Support/Anglesite/websites/webc/_build/404.html (skips build)
[webc] File changed: /Users/dwk/Library/Application Support/Anglesite/websites/webc/_build/index.html (skips build)
[11ty] Writing /Users/dwk/Library/Application Support/Anglesite/websites/webc/_build/404.html from ../../../../../Library/Application Support/Anglesite/websites/webc/404.md (liquid)
[11ty] Writing /Users/dwk/Library/Application Support/Anglesite/websites/webc/_build/index.html from ../../../../../Library/Application Support/Anglesite/websites/webc/index.md (liquid)
[11ty] Wrote 86 files in 4.26 seconds (49.6ms each, v3.1.2)
[11ty] Writing /Users/dwk/Library/Application Support/Anglesite/websites/webc/_build/404.html from ../../../../../Library/Application Support/Anglesite/websites/webc/404.md (liquid)
[11ty] Writing /Users/dwk/Library/Application Support/Anglesite/websites/webc/_build/index.html from ../../../../../Library/Application Support/Anglesite/websites/webc/index.md (liquid)
[11ty] Wrote 88 files in 4.27 seconds (48.5ms each, v3.1.2)
[webc] File changed: /Users/dwk/Library/Application Support/Anglesite/websites/webc/_build/404.html (skips build)
[webc] File changed: /Users/dwk/Library/Application Support/Anglesite/websites/webc/_build/index.html (skips build)
[11ty] Writing /Users/dwk/Library/Application Support/Anglesite/websites/webc/_build/404.html from ../../../../../Library/Application Support/Anglesite/websites/webc/404.md (liquid)
[11ty] Writing /Users/dwk/Library/Application Support/Anglesite/websites/webc/_build/404.html from ../../../../../Library/Application Support/Anglesite/websites/webc/404.md (liquid)
[11ty] Writing /Users/dwk/Library/Application Support/Anglesite/websites/webc/_build/index.html from ../../../../../Library/Application Support/Anglesite/websites/webc/index.md (liquid)
[11ty] Writing /Users/dwk/Library/Application Support/Anglesite/websites/webc/_build/index.html from ../../../../../Library/Application Support/Anglesite/websites/webc/index.md (liquid)
[11ty] Wrote 96 files in 4.44 seconds (46.3ms each, v3.1.2)
[webc] File changed: /Users/dwk/Library/Application Support/Anglesite/websites/webc/_build/index.html (skips build)
[webc] File changed: /Users/dwk/Library/Application Support/Anglesite/websites/webc/_build/404.html (skips build)
[11ty] Writing /Users/dwk/Library/Application Support/Anglesite/websites/webc/_build/404.html from ../../../../../Library/Application Support/Anglesite/websites/webc/404.md (liquid)
[11ty] Writing /Users/dwk/Library/Application Support/Anglesite/websites/webc/_build/404.html from ../../../../../Library/Application Support/Anglesite/websites/webc/404.md (liquid)
[11ty] Writing /Users/dwk/Library/Application Support/Anglesite/websites/webc/_build/index.html from ../../../../../Library/Application Support/Anglesite/websites/webc/index.md (liquid)
[11ty] Writing /Users/dwk/Library/Application Support/Anglesite/websites/webc/_build/index.html from ../../../../../Library/Application Support/Anglesite/websites/webc/index.md (liquid)
[11ty] Wrote 104 files in 4.62 seconds (44.4ms each, v3.1.2)
[webc] File changed: /Users/dwk/Library/Application Support/Anglesite/websites/webc/_build/404.html (skips build)
[webc] File changed: /Users/dwk/Library/Application Support/Anglesite/websites/webc/_build/index.html (skips build)
[11ty] Writing /Users/dwk/Library/Application Support/Anglesite/websites/webc/_build/404.html from ../../../../../Library/Application Support/Anglesite/websites/webc/404.md (liquid)
[11ty] Writing /Users/dwk/Library/Application Support/Anglesite/websites/webc/_build/404.html from ../../../../../Library/Application Support/Anglesite/websites/webc/404.md (liquid)
[11ty] Writing /Users/dwk/Library/Application Support/Anglesite/websites/webc/_build/index.html from ../../../../../Library/Application Support/Anglesite/websites/webc/index.md (liquid)
[11ty] Writing /Users/dwk/Library/Application Support/Anglesite/websites/webc/_build/index.html from ../../../../../Library/Application Support/Anglesite/websites/webc/index.md (liquid)
[11ty] Wrote 112 files in 4.80 seconds (42.8ms each, v3.1.2)
[webc] File changed: /Users/dwk/Library/Application Support/Anglesite/websites/webc/_build/404.html (skips build)
[webc] File changed: /Users/dwk/Library/Application Support/Anglesite/websites/webc/_build/index.html (skips build)
[11ty] Writing /Users/dwk/Library/Application Support/Anglesite/websites/webc/_build/404.html from ../../../../../Library/Application Support/Anglesite/websites/webc/404.md (liquid)
[11ty] Writing /Users/dwk/Library/Application Support/Anglesite/websites/webc/_build/404.html from ../../../../../Library/Application Support/Anglesite/websites/webc/404.md (liquid)
[11ty] Writing /Users/dwk/Library/Application Support/Anglesite/websites/webc/_build/index.html from ../../../../../Library/Application Support/Anglesite/websites/webc/index.md (liquid)
[11ty] Writing /Users/dwk/Library/Application Support/Anglesite/websites/webc/_build/index.html from ../../../../../Library/Application Support/Anglesite/websites/webc/index.md (liquid)
[11ty] Wrote 120 files in 4.98 seconds (41.5ms each, v3.1.2)
[webc] File changed: /Users/dwk/Library/Application Support/Anglesite/websites/webc/_build/404.html (skips build)
[webc] File changed: /Users/dwk/Library/Application Support/Anglesite/websites/webc/_build/index.html (skips build)
[11ty] Writing /Users/dwk/Library/Application Support/Anglesite/websites/webc/_build/404.html from ../../../../../Library/Application Support/Anglesite/websites/webc/404.md (liquid)
[11ty] Writing /Users/dwk/Library/Application Support/Anglesite/websites/webc/_build/404.html from ../../../../../Library/Application Support/Anglesite/websites/webc/404.md (liquid)
[11ty] Writing /Users/dwk/Library/Application Support/Anglesite/websites/webc/_build/index.html from ../../../../../Library/Application Support/Anglesite/websites/webc/index.md (liquid)
[11ty] Writing /Users/dwk/Library/Application Support/Anglesite/websites/webc/_build/index.html from ../../../../../Library/Application Support/Anglesite/websites/webc/index.md (liquid)
[11ty] Wrote 128 files in 5.16 seconds (40.3ms each, v3.1.2)
